[RUN #0 500 50]
-314 -665 -869 -748 693 -414 -26 205 239 -875 -486 844 670 193 192 -790 921 33 -996 791 -305 447 420 285 726 -839 -795 13 642 -164 244 215 884 506 -317 -788 -206 -932 588 -798 288 75 -622 -386 417 -980 -760 829 540 -920 -409 697 789 -724 832 55 523 -126 34 -477 -387 -183 -197 45 68 -524 626 292 391 -96 -708 782 -903 560 855 964 -693 -918 -277 751 -983 583 119 35 474 -560 765 859 638 277 -964 168 -5 49 92 -330 -740 -60 235 798 207 -177 -336 -135 -763 -408 645 981 -662 -102 -258 911 -819 -997 -998 108 157 -959 230 586 731 166 -843 -498 -128 965 -895 107 -442 -638 -794 557 252 -505 467 -457 22 871 -443 569 -898 344 -947 822 946 960 -520 -186 -154 360 423 -299 231 -882 644 -492 -648 325 405 69 996 -603 -257 -352 338 -789 89 -28 -103 -914 977 -796 801 -184 -664 -263 453 -318 -179 797 718 -78 999 300 -427 -688 -282 38 -877 621 -133 -462 102 -105 -122 600 857 -455 139 564 762 24 -944 -376 -49 -950 -71 -449 596 -267 545 -20 814 187 -328 -860 -6 -69 -344 741 -929 610 -602 631 -159 202 -858 552 -945 753 -872 354 943 619 -286 -95 438 243 869 72 -896 129 386 99 992 -389 512 87 -85 745 -252 178 -72 948 -7 414 -401 576 -610 680 -526 815 582 104 -719 451 -237 -301 371 -241 598 -230 -51 347 -880 700 142 50 514 -574 402 -99 -431 -67 518 -349 -842 -527 -897 877 -65 -614 -822 -512 -927 -699 4 -778 -188 -803 654 29 -174 -499 -446 -768 -884 -967 -690 -548 -928 -523 837 419 -627 -116 -645 -115 604 -141 336 -172 -655 175 118 -92 551 657 728 197 144 -364 212 730 -249 -63 481 -754 106 -118 -381 195 767 509 863 803 -348 910 439 -19 388 925 710 -509 -812 -104 -504 688 -327 227 -358 264 568 -417 -838 105 -680 -343 -107 521 182 -152 441 -879 524 599 890 377 -674 -198 -810 294 387 820 -189 114 -3 -440 -807 -994 -219 516 -652 761 703 169 -150 65 -899 188 -151 -551 -953 -269 -848 158 -436 562 322 -801 -89 -36 -571 462 -253 475 -775 163 332 -831 923 611 972 323 712 460 -259 -481 -296 723 -461 10 -881 558 -448 919 -250 -117 271 -260 155 720 220 -383 267 958 -195 -169 217 -829 86 376 349 987 448 -720 449 150 -366 369 -591 479 366 278 -460 -805 914 -101 -278 -180 -806 283 -10 395 -587 394 -464 983 -145 223 -730 -871 529 96 752 -865 698 446 -710 637 -925 432 225 -423 31 258 827 455 259 -243
221 759 365 481 -127 -77 66 -472 58 335 878 -961 -642 -470 945 -436 523 328 403 77 -5 767 362 288 -611 732 625 454 -500 940 10 985 -46 682 -234 -41 -200 -645 -962 248 553 918 -183 -752 674 149 499 14 952 -614 -652 688 54 466 -392 395 -451 -66 274 -298 -744 -885 846 261 -270 -308 -968 -388 -455 87 254 -576 925 694 -798 -164 972 -249 777 -248 -928 45 96 227 748 -774 611 -115 -209 953 -18 522 -486 -244 -534 -333 -855 -312 -501 756 772 641 793 -129 -602 -78 -149 -123 475 -740 494 155 460 -821 -761 464 504 314 -793 154 512 -90 835 -925 -724 -126 736 678 22 -650 394 -122 -362 794 -545 -142 -286 124 -105 -385 986 995 -389 -159 -161 -340 893 -738 517 -204 -879 151 930 -971 939 -266 847 501 224 974 252 -916 -254 -155 -232 -733 895 -951 819 47 -802 410 -353 392 890 -950 775 -801 -372 20 193 -171 644 491 -835 -567 170 935 -277 774 354 -54 646 -481 771 692 368 -88 113 364 7 -145 -56 137 225 -228 -604 -75 808 385 371 -86 81 11 988 -720 72 840 -586 562 98 677 673 286 586 -570 -844 -643 -791 714 -759 373 -856 -525 158 874 -725 526 669 79 -368 -615 483 914 -797 44 885 -507 -787 182 514 477 190 366 -267 -710 -936 -583 -790 -363 -347 -517 291 525 18 -657 -17 924 141 -781 12 -381 -9 463 -316 -80 -637 378 99 61 153 -419 -654 839 383 -73 -539 841 882 -972 -274 -271 558 905 598 -268 -240 -552 309 828 741 902 555 527 420 -276 -323 348 602 -218 -651 181 -194 -131 76 -584 302 86 610 560 -887 -846 -988 -587 -575 -280 51 -581 452 -888 667 550 -924 -494 -660 587 374 -440 -877 -585 -441 199 -125 -819 -450 822 -226 369 65 316 -624 -763 412 377 -868 30 737 824 205 899 428 -400 80 -796 600 390 -758 -189 803 -976 -97 -680 75 -479 747 864 -966 810 278 259 -397 -990 313 573 796 -76 959 461 426 478 782 -556 -28 -178 -734 999 -881 967 -255 -14 -464 449 -693 -411 -907 -379 432 -668 -361 -47 897 997 -96 312 -687 -978 763 -754 -628 -634 -21 318 520 -906 53 375 -67 661 -439 -409 963 696 978 -433 -956 486 663 595 955 -352 -732 62 -460 -55 -31 -91 -980 -715 -166 -723 -523 243 134 574 458 -260 372 249 310 -493 609 639 393 184 -150 321 -496 83 966 229 910 21 -19 -938 -515 -696 530 434 731 -932 -351 -919 -443 -594 -807 -946 740 532 -221 515 -548 -766 -469 271 40 614 -421 -679 -36 -899
914 -778 257 425 624 112 247 -247 -742 118 880 63 -768 668 991 -533 799 -678 -358 -577 -977 -458 31 290 -666 -863 412 409 -60 -501 -512 -804 700 -264 424 894 -307 -25 -662 -334 362 977 583 -262 413 -657 -34 -784 -4 366 643 779 -601 849 472 926 -404 -527 -345 145 -153 340 582 244 -121 -805 -391 -423 497 394 -709 289 45 726 -360 342 757 680 841 -145 -929 467 -38 -870 404 254 961 333 523 764 794 581 83 191 -26 470 -618 -794 279 -988 -139 286 742 -170 270 108 -910 402 -473 302 -245 -782 -440 -530 -935 670 446 468 -254 390 -506 -100 -364 818 126 -49 -319 417 647 -830 -339 -341 -619 210 353 554 -541 658 756 580 -355 -116 -574 42 -526 732 631 -609 462 -667 -114 -648 750 443 -231 -961 870 245 303 99 -95 445 -250 -872 -608 -548 -2 813 -273 -888 -816 215 -971 507 -10 324 48 -714 -914 -822 427 -441 684 -485 6 459 907 616 -600 -69 -124 -331 -82 185 540 -843 972 455 115 -582 306 -865 -905 223 576 105 -369 573 -943 -634 -280 -821 802 874 -31 -474 221 -519 458 494 276 963 -948 790 -780 -195 -563 -270 868 -825 91 -1000 -790 636 -87 -728 -374 -344 -424 -163 -531 -480 520 56 -534 -53 -373 839 541 -472 -558 832 709 -756 743 -898 -238 659 654 55 12 -802 117 473 440 421 889 738 778 -67 174 -698 178 -776 477 -770 -854 -125 -469 1 -959 363 -890 916 815 499 -671 267 783 -203 -132 111 995 -595 264 -670 -674 66 -837 768 228 -967 -448 -937 -5 -72 -718 226 -862 -857 -824 -925 183 514 -144 -712 -829 -11 490 181 610 275 156 -681 -840 -976 758 -546 792 502 175 186 -636 218 161 -443 -294 666 -773 605 886 -658 788 378 -962 860 -694 -641 -397 720 924 -276 -994 -165 -642 26 836 78 217 767 811 -205 85 -985 -481 -310 -434 -924 80 -152 -896 -800 463 741 -452 -182 214 842 46 -350 -842 -122 71 62 107 -858 -35 -392 -462 944 367 -436 329 282 89 52 -968 -613 -64 -204 917 -98 -129 -953 730 -42 -615 542 483 925 -510 481 -683 676 -591 219 -348 -446 388 167 480 442 395 771 -703 -610 -467 -938 -645 -314 888 -654 -965 781 123 -284 -719 -8 361 241 -293 772 444 -108 -755 -555 -656 -403 -269 -783 939 -342 751 -602 933 34 -241 -425 534 774 943 -749 -878 -41 344 -177 -412 68 957 -974 -3 239 513 -993 -650 437 -357 491 -400 987 430 611 -860 800 955 67 -209 30 -378 567 240 683 -150 -76 932 698 -940 22 -410 -686
-482 -831 681 688 88 -991 -235 991 168 -517 -40 281 -976 617 -295 437 -612 -677 -331 -918 330 847 -81 -585 -339 -266 539 284 -905 262 -588 -46 -727 79 253 610 752 -364 -275 -681 165 -225 679 -922 -381 -317 964 953 -3 7 -286 265 186 799 -196 -886 -173 680 408 641 234 519 698 482 -591 -38 125 -844 -128 -104 236 -494 -615 603 -405 143 95 -623 412 851 219 -304 832 -962 387 787 -669 -989 -464 739 89 -813 -123 -337 -41 294 -228 -516 306 128 -841 160 546 -346 383 678 90 286 -946 811 804 -32 426 -156 -421 -224 -453 835 -328 355 -634 -530 -960 730 -456 -571 48 -970 -574 458 112 -551 -821 548 -935 -254 255 -21 620 -430 -757 772 721 -995 887 -931 -416 849 -316 549 -792 -370 -972 -766 -848 119 -292 -374 837 -29 742 -217 -213 639 -491 -63 146 889 -89 921 970 -480 -201 -335 470 453 129 792 -257 898 -749 -789 -528 829 -592 648 872 -987 -408 -92 -468 -209 -659 756 -54 -696 904 -10 576 954 937 -115 726 -326 101 -580 329 770 483 58 616 367 -806 -207 -675 -506 -37 533 -524 -978 -359 833 -1000 108 -875 -291 137 -426 -350 623 177 -715 -775 -16 -537 51 67 -866 490 812 857 299 -43 -114 206 902 -622 328 -829 -404 -469 -999 633 -858 634 18 766 -975 757 -475 936 -772 662 747 53 -686 -660 489 -717 -890 164 73 -906 -52 763 368 663 31 -305 -120 810 -476 -785 69 -996 547 -559 -380 -838 -650 -578 -977 -652 6 765 -258 -427 -180 -733 -599 632 3 -460 359 -451 717 17 -73 996 -440 83 176 -166 431 -827 -990 -428 716 972 389 290 -900 564 590 709 -601 956 999 -147 123 39 -158 827 -137 -307 -784 -609 -449 -720 -303 131 24 113 215 -93 152 496 826 340 -30 -400 171 -492 -399 -980 287 -124 -324 638 -265 -272 -743 432 339 -177 218 -338 -382 -732 -223 370 -888 407 -863 589 781 -891 379 -298 468 202 -526 -502 -815 -628 254 -361 657 -767 -35 -192 -809 -412 -703 886 361 -539 503 916 -958 -611 815 -402 -168 -74 237 848 -206 931 707 741 -871 -726 -379 -85 -234 -988 397 181 321 -171 336 529 803 -566 976 822 141 120 -552 115 96 878 -103 187 -721 -629 -347 -521 579 852 400 619 -191 510 -357 23 -212 537 -777 -190 151 994 434 81 35 -849 -626 945 568 -687 376 541 214 111 135 511 -889 390 66 -738 501 -653 -220 788 621 -736 -334 -14 -820 -689 -455 25 786 525 998 -779 599 661 231 626 821 778 429 277 -519 -218 -94 8 732
[RUN #1 2 10]
145 -131
96 231
604 -717
167 -846
520 -662
-415 785
699 -237
748 830
347 559
-990 584
[RUN #2 2 10]
801 -775
-861 235
184 -798
-377 -342
-427 -899
-493 736
758 622
-655 -647
-982 670
786 231
[RUN #3 2 10]
386 286
165 518
607 917
-959 681
-791 926
148 -235
-810 253
85 106
881 491
854 -320
[RUN #4 2 25]
-787 -600
460 994
278 499
507 146
-376 -559
631 -523
607 805
915 704
441 896
122 920
794 -590
-983 448
483 -896
-482 -57
624 -524
-202 -632
-685 -770
-390 934
-797 -418
-291 634
-649 -962
-549 411
-43 -338
-207 873
-537 558
[RUN #5 500 25]
-960 -435 -883 761 513 -975 -395 554 60 -841 248 523 635 -186 714 25 -11 882 -555 -261 -433 259 327 -449 77 -293 631 -746 702 531 92 803 -228 -957 -196 287 -264 109 415 -657 -976 949 333 561 -532 234 -641 125 -88 247 430 937 -470 -565 18 -527 625 -320 40 -359 -199 -745 618 -858 -756 -24 9 -448 397 -12 788 -142 -915 10 -177 -553 469 387 -188 900 919 410 133 -531 88 -753 516 -682 -179 -73 -159 763 876 -19 875 -692 661 640 -677 481 782 832 -431 -908 578 -277 -801 -828 352 395 393 220 846 688 -675 734 -800 -52 273 785 -840 -343 -602 -803 -511 360 976 744 693 -994 302 -680 -51 41 -668 310 -484 -540 -393 -922 -902 990 48 213 -934 -690 -560 -939 -519 -246 514 -580 49 -506 989 -998 916 324 -761 683 96 43 -71 69 -334 24 -775 -307 331 -564 812 681 -970 643 -702 439 -305 -673 -304 -403 -559 -502 -276 -573 -446 -969 -145 691 -83 -363 -311 -981 -38 852 -696 314 -172 -243 -758 967 -56 807 -388 -948 468 -89 710 999 -64 303 -643 -515 406 -933 231 484 -731 732 464 211 703 670 -780 -807 131 -739 362 -250 793 -734 983 -706 -81 -423 -39 510 -544 -868 929 -717 610 -875 -993 974 -184 -784 72 721 -968 236 136 -59 -438 893 672 -847 -245 586 -843 208 -778 673 86 -169 351 902 952 -528 787 910 699 181 849 977 741 -546 -44 -910 151 82 189 794 12 -785 -791 244 170 50 -33 -25 309 850 931 -530 182 -7 171 79 233 495 47 -927 -913 455 -290 460 -17 281 401 457 -856 743 173 -437 -68 664 -42 725 -694 -240 922 -154 995 -991 299 -141 674 633 -371 -421 -413 638 -467 326 -247 161 892 -137 -232 663 713 440 335 -624 470 -796 899 979 -893 -23 -297 781 -203 33 611 128 -848 -568 -888 291 191 135 264 32 -168 809 442 -477 622 711 230 -725 114 245 -262 -711 606 454 628 632 -221 -732 862 -763 163 -489 330 -601 118 -865 -649 545 965 266 -208 -335 685 -787 594 -880 -29 819 -743 -454 -442 825 -325 -481 52 -594 679 0 42 609 -149 -117 -468 35 -535 -577 137 558 -586 -835 368 383 -896 -365 -620 -104 433 -727 132 15 16 -193 -609 -503 -949 -754 480 -455 -764 -210 225 289 -70 62 -63 -964 -98 808 -836 602 -217 334 -936 680 -32 981 800 736 557 -634 -592 885 -373 644 767 960 -626 -497 -683 -904 -357 -622 964 701 582 727 54 -339 -945 376 -921 519 312 -924 576 -356 -364 777 -248 -710 651 908 585 623 -344 400
-482 -706 316 525 -250 -174 -906 38 -533 -835 790 -284 -997 74 -758 791 302 -786 -736 966 -791 523 870 737 741 150 41 -87 -587 827 685 507 -98 849 779 -559 394 -453 204 603 -400 -46 -354 887 -657 -282 -856 -132 988 975 -476 -73 -419 -694 713 -139 278 585 -158 411 -355 -513 -550 362 614 390 469 -26 334 -41 -606 -44 812 -472 13 307 288 -793 567 -852 -542 253 461 709 79 303 -540 493 968 -268 97 -51 -483 -178 157 -668 692 566 -129 -783 553 -934 857 -246 128 557 -467 515 117 -319 -837 492 633 -101 -77 564 -785 -163 -508 -849 -662 -92 -879 909 690 -897 -907 980 214 587 637 712 459 972 -661 997 759 728 -89 955 -440 504 540 88 -386 -843 -25 -203 252 420 64 781 804 -260 -188 -898 696 647 -314 209 577 -996 -402 844 360 -377 -644 370 -956 -819 522 -895 -445 703 -701 255 -430 -698 233 -876 -373 166 337 377 -111 36 18 -639 185 -95 397 358 -362 -247 -495 640 226 -681 455 -695 928 586 -939 747 485 -116 378 942 -369 -76 731 626 439 -624 240 200 5 29 -68 872 -612 -574 211 740 -307 -206 -122 846 -466 -161 -14 -566 -448 -104 -102 -426 588 -892 318 617 -778 -946 341 727 -289 330 -986 -679 131 418 815 544 -646 -772 -878 -144 24 401 867 149 764 -763 -229 -85 -168 11 -655 -680 164 -614 -710 -705 -823 -755 645 419 -531 -443 627 251 202 -838 -855 -738 -294 -699 -554 -469 995 -940 -889 -74 -107 -534 -384 -945 -717 254 264 346 -795 304 541 86 -1000 505 3 618 354 96 -31 -505 686 -545 -712 814 -359 -672 223 951 -96 -248 -796 -272 777 280 907 -305 -227 -127 -702 -957 321 270 -537 336 708 -376 46 -58 -801 -770 569 -881 938 568 651 414 -280 -306 892 -450 40 -603 -330 581 27 -217 -110 -737 592 -499 -904 -527 -547 343 -976 -989 -221 -901 -734 653 379 383 -605 932 -869 -75 -32 809 773 -164 21 -640 448 -35 173 591 116 551 863 -512 -915 769 -637 -813 344 -258 -799 -155 816 324 -971 -972 -615 -494 503 -652 -797 145 -973 -774 -868 236 -253 -977 -836 410 912 120 669 -571 935 -17 297 452 -55 916 483 -684 -764 -780 -928 657 -773 780 161 534 385 -509 744 890 190 865 309 -249 -210 901 -370 631 -263 311 797 -237 -114 665 999 282 58 -108 192 405 -351 -647 30 830 -421 -585 435 -350 -686 834 838 -43 -671 143 -728 -479 -730 -968 357 -675 132 -366 424 65 -197 573 243 -423 306 754 -326 -94 905 -817 463 -864 249 977
-636 -203 406 -259 32 -856 705 -596 325 232 426 839 965 -314 995 328 744 -409 652 -912 -494 -780 94 -738 -261 -619 -441 121 471 447 412 -210 700 -724 350 96 153 948 -877 595 -418 -541 -550 -497 59 657 68 -863 -890 424 610 909 -162 103 -231 -40 51 324 72 -237 -274 57 -654 180 -677 -916 464 -136 -907 375 362 -893 963 38 489 47 -199 -609 939 -478 -675 186 -78 54 639 -670 -443 -151 -791 -655 -172 67 -316 -262 -931 -174 -606 653 -834 -226 498 -548 -144 -579 -946 749 202 -200 -180 -445 347 -835 -422 -749 422 -359 -798 -242 -214 34 -693 20 -91 -412 456 -569 -646 -804 310 -171 -581 -730 -640 44 -751 510 -361 -7 -992 271 -472 363 -179 -941 -477 971 547 -45 922 -810 784 -625 -33 -716 611 29 709 98 -903 957 -147 445 -627 -589 875 679 -990 298 -544 812 859 -543 532 974 -278 -176 -510 -602 467 -362 -621 -591 -46 726 -92 620 998 672 -787 825 -62 -901 540 799 -620 645 884 -927 -522 -354 -889 -27 841 -746 589 60 -960 256 275 485 -336 594 36 69 338 -366 -454 396 320 -748 438 -895 766 568 -32 817 374 698 -702 354 -617 122 -567 236 129 -760 -235 -600 -325 -721 -253 -874 755 714 769 268 910 97 -841 575 -456 -85 865 -691 87 397 24 592 134 -58 -83 -267 313 876 -669 -17 516 914 -837 -759 405 -106 407 -115 -588 -820 606 295 -747 -892 317 -850 -631 -370 858 -218 -216 828 772 989 -344 -95 549 381 -827 -245 674 586 520 659 -994 -634 -573 -744 -133 -160 -695 -954 -929 -801 -898 499 564 660 455 776 599 -752 31 -515 327 -795 -318 -461 -371 -407 -641 -159 -30 -578 -626 -862 352 -157 11 305 182 -169 -457 -131 613 793 281 -610 -701 563 -868 -712 -24 -306 -439 111 13 272 -31 486 811 -682 -768 597 -762 893 -593 345 -233 -713 -335 -446 -935 -919 -516 143 536 -205 177 37 142 -299 -323 739 106 947 777 711 630 -703 887 148 -352 904 923 -207 416 814 -440 417 -718 390 863 -524 615 682 676 -689 176 -704 -49 665 -473 -256 -413 -37 -263 -135 402 -99 -258 80 443 -740 -939 -388 -723 -464 -6 440 -624 -239 159 -991 -47 -419 838 -254 195 306 670 209 -195 -556 -125 50 565 882 165 421 -563 519 -35 -250 -572 319 601 -656 302 656 -400 -246 393 785 316 128 431 -855 771 509 493 523 92 -98 218 991 730 976 189 521 480 -784 -283 -672 434 921 543 -450 977 736 -487 343 -204 413 270 -818 257 113 632 634 -219 -25 -353 -779
[RUN #6 2 25]
570 -225
917 -699
337 111
-657 -257
-706 330
-245 98
337 -193
737 -843
-42 953
[RUN #7 2 25]
-164 -223
266 -412
333 -260
-80 6
-502 46
-454 759
-497 -749
-185 -665
157 401
-583 82
696 631
[RUN #8 1 25]
76
325
-29
-28
280
565
-271
803
941
[RUN #9 0 25]

























[RUN #10 0 25]









